Using pre-set license
Built from '2020.3/staging' branch; Version is '2020.3.11f1 (99c7afb366b3) revision 10078127'; Using compiler version '192528614'; Build Type 'Release'
OS: 'Windows 10 Home; OS build 19043.1165; Version 2009; 64bit' Language: 'ja' Physical Memory: 7873 MB
BatchMode: 1, IsHumanControllingUs: 0, StartBugReporterOnCrash: 0, Is64bit: 1, IsPro: 0

 COMMAND LINE ARGUMENTS:
C:\Program Files\Unity\Hub\Editor\2020.3.11f1\Editor\Unity.exe
-adb2
-batchMode
-noUpm
-name
AssetImportWorker0
-projectPath
C:/10daysJam/gamejam
-logFile
Logs/AssetImportWorker0.log
-srvPort
51190
Successfully changed project path to: C:/10daysJam/gamejam
C:/10daysJam/gamejam
Using Asset Import Pipeline V2.
Refreshing native plugins compatible for Editor in 38.35 ms, found 2 plugins.
Preloading 0 native plugins for Editor in 0.00 ms.
Initialize engine version: 2020.3.11f1 (99c7afb366b3)
[Subsystems] Discovering subsystems at path C:/Program Files/Unity/Hub/Editor/2020.3.11f1/Editor/Data/Resources/UnitySubsystems
[Subsystems] Discovering subsystems at path C:/10daysJam/gamejam/Assets
GfxDevice: creating device client; threaded=0
Direct3D:
    Version:  Direct3D 11.0 [level 11.1]
    Renderer: NVIDIA GeForce GTX 1060 (ID=0x1c20)
    Vendor:   
    VRAM:     6081 MB
    Driver:   22.21.13.8216
Initialize mono
Mono path[0] = 'C:/Program Files/Unity/Hub/Editor/2020.3.11f1/Editor/Data/Managed'
Mono path[1] = 'C:/Program Files/Unity/Hub/Editor/2020.3.11f1/Editor/Data/MonoBleedingEdge/lib/mono/unityjit'
Mono config path = 'C:/Program Files/Unity/Hub/Editor/2020.3.11f1/Editor/Data/MonoBleedingEdge/etc'
Using monoOptions --debugger-agent=transport=dt_socket,embedding=1,server=y,suspend=n,address=127.0.0.1:56820
Begin MonoManager ReloadAssembly
Registering precompiled unity dll's ...
Register platform support module: C:/Program Files/Unity/Hub/Editor/2020.3.11f1/Editor/Data/PlaybackEngines/WindowsStandaloneSupport/UnityEditor.WindowsStandalone.Extensions.dll
Registered in 0.003249 seconds.
Native extension for WindowsStandalone target not found
Refreshing native plugins compatible for Editor in 41.05 ms, found 2 plugins.
Preloading 0 native plugins for Editor in 0.00 ms.
Unable to find bridge dll in registry for Microsoft Visual Studio Tools for Unity for C:\Program Files (x86)\Microsoft Visual Studio\2017\Professional\Common7\IDE\devenv.exe
Mono: successfully reloaded assembly
- Completed reload, in  1.710 seconds
Platform modules already initialized, skipping
Registering precompiled user dll's ...
Registered in 0.006007 seconds.
Begin MonoManager ReloadAssembly
Native extension for WindowsStandalone target not found
Refreshing native plugins compatible for Editor in 0.32 ms, found 2 plugins.
Preloading 0 native plugins for Editor in 0.00 ms.
Mono: successfully reloaded assembly
- Completed reload, in  1.314 seconds
Platform modules already initialized, skipping
========================================================================
Worker process is ready to serve import requests
Launched and connected shader compiler UnityShaderCompiler.exe after 0.08 seconds
Refreshing native plugins compatible for Editor in 0.72 ms, found 2 plugins.
Preloading 0 native plugins for Editor in 0.00 ms.
Unloading 1387 Unused Serialized files (Serialized files now loaded: 0)
System memory in use before: 67.3 MB.
System memory in use after: 67.4 MB.

Unloading 19 unused Assets to reduce memory usage. Loaded Objects now: 1818.
Total: 2.249500 ms (FindLiveObjects: 0.159500 ms CreateObjectMapping: 0.049200 ms MarkObjects: 1.892400 ms  DeleteObjects: 0.147400 ms)

========================================================================
Received Import Request.
  path: Assets/honda/TyphoonScript.cs
  artifactKey: Guid(8c4c0f3df1ab7d04ba6809b820c0997f) Importer(815301076,1909f56bfc062723c751e8b465ee728b)
Start importing Assets/honda/TyphoonScript.cs using Guid(8c4c0f3df1ab7d04ba6809b820c0997f) Importer(815301076,1909f56bfc062723c751e8b465ee728b)  -> (artifact id: '1561dc2de0cfaf555a21cd4512799c4f') in 0.071487 seconds
  Import took 0.075410 seconds .

========================================================================
Received Prepare
Registering precompiled user dll's ...
Registered in 0.006195 seconds.
Begin MonoManager ReloadAssembly
Native extension for WindowsStandalone target not found
Refreshing native plugins compatible for Editor in 0.49 ms, found 2 plugins.
Preloading 0 native plugins for Editor in 0.00 ms.
Mono: successfully reloaded assembly
- Completed reload, in  1.271 seconds
Platform modules already initialized, skipping
Refreshing native plugins compatible for Editor in 0.57 ms, found 2 plugins.
Preloading 0 native plugins for Editor in 0.00 ms.
Unloading 1384 Unused Serialized files (Serialized files now loaded: 0)
System memory in use before: 67.4 MB.
System memory in use after: 67.5 MB.

Unloading 14 unused Assets to reduce memory usage. Loaded Objects now: 1822.
Total: 2.706500 ms (FindLiveObjects: 0.233800 ms CreateObjectMapping: 0.090100 ms MarkObjects: 2.302500 ms  DeleteObjects: 0.077900 ms)

========================================================================
Received Prepare
Registering precompiled user dll's ...
Registered in 0.006398 seconds.
Begin MonoManager ReloadAssembly
Native extension for WindowsStandalone target not found
Refreshing native plugins compatible for Editor in 0.32 ms, found 2 plugins.
Preloading 0 native plugins for Editor in 0.00 ms.
Mono: successfully reloaded assembly
- Completed reload, in  1.349 seconds
Platform modules already initialized, skipping
Refreshing native plugins compatible for Editor in 0.38 ms, found 2 plugins.
Preloading 0 native plugins for Editor in 0.00 ms.
Unloading 1384 Unused Serialized files (Serialized files now loaded: 0)
System memory in use before: 67.4 MB.
System memory in use after: 67.5 MB.

Unloading 14 unused Assets to reduce memory usage. Loaded Objects now: 1825.
Total: 2.240500 ms (FindLiveObjects: 0.215900 ms CreateObjectMapping: 0.065300 ms MarkObjects: 1.880000 ms  DeleteObjects: 0.077800 ms)

========================================================================
Received Import Request.
  Time since last request: 381.403754 seconds.
  path: Assets/honda/ScoreScript.cs
  artifactKey: Guid(650a3d3a4834cbe45ab333bdc82db098) Importer(815301076,1909f56bfc062723c751e8b465ee728b)
Start importing Assets/honda/ScoreScript.cs using Guid(650a3d3a4834cbe45ab333bdc82db098) Importer(815301076,1909f56bfc062723c751e8b465ee728b)  -> (artifact id: 'f0e41b1a02ab9d71ffd03c745e1ec08f') in 0.027867 seconds
  Import took 0.034270 seconds .

========================================================================
Received Prepare
Registering precompiled user dll's ...
Registered in 0.013657 seconds.
Begin MonoManager ReloadAssembly
Native extension for WindowsStandalone target not found
Refreshing native plugins compatible for Editor in 0.41 ms, found 2 plugins.
Preloading 0 native plugins for Editor in 0.00 ms.
Mono: successfully reloaded assembly
- Completed reload, in  1.209 seconds
Platform modules already initialized, skipping
Refreshing native plugins compatible for Editor in 0.32 ms, found 2 plugins.
Preloading 0 native plugins for Editor in 0.00 ms.
Unloading 1384 Unused Serialized files (Serialized files now loaded: 0)
System memory in use before: 67.4 MB.
System memory in use after: 67.5 MB.

Unloading 14 unused Assets to reduce memory usage. Loaded Objects now: 1828.
Total: 2.155100 ms (FindLiveObjects: 0.177900 ms CreateObjectMapping: 0.044800 ms MarkObjects: 1.813400 ms  DeleteObjects: 0.117900 ms)

========================================================================
Received Import Request.
  Time since last request: 466.079484 seconds.
  path: Assets/honda/ScoreScript.cs
  artifactKey: Guid(650a3d3a4834cbe45ab333bdc82db098) Importer(815301076,1909f56bfc062723c751e8b465ee728b)
Start importing Assets/honda/ScoreScript.cs using Guid(650a3d3a4834cbe45ab333bdc82db098) Importer(815301076,1909f56bfc062723c751e8b465ee728b)  -> (artifact id: '7139f7b22f7de8f43bd1f58c9b007515') in 0.009225 seconds
  Import took 0.012406 seconds .

========================================================================
Received Prepare
Registering precompiled user dll's ...
Registered in 0.007320 seconds.
Begin MonoManager ReloadAssembly
Native extension for WindowsStandalone target not found
Refreshing native plugins compatible for Editor in 0.31 ms, found 2 plugins.
Preloading 0 native plugins for Editor in 0.00 ms.
Mono: successfully reloaded assembly
- Completed reload, in  1.177 seconds
Platform modules already initialized, skipping
Refreshing native plugins compatible for Editor in 0.31 ms, found 2 plugins.
Preloading 0 native plugins for Editor in 0.00 ms.
Unloading 1384 Unused Serialized files (Serialized files now loaded: 0)
System memory in use before: 67.4 MB.
System memory in use after: 67.5 MB.

Unloading 14 unused Assets to reduce memory usage. Loaded Objects now: 1831.
Total: 2.624100 ms (FindLiveObjects: 0.299100 ms CreateObjectMapping: 0.052800 ms MarkObjects: 2.173400 ms  DeleteObjects: 0.097500 ms)

========================================================================
Received Import Request.
  Time since last request: 171.252123 seconds.
  path: Assets/Scenes
  artifactKey: Guid(0de6432ead40d5048946c8e62059cf68) Importer(815301076,1909f56bfc062723c751e8b465ee728b)
Start importing Assets/Scenes using Guid(0de6432ead40d5048946c8e62059cf68) Importer(815301076,1909f56bfc062723c751e8b465ee728b)  -> (artifact id: '91a52056d5bdcab67576d5cec8c8d86a') in 0.014461 seconds
  Import took 0.017613 seconds .

========================================================================
Received Import Request.
  Time since last request: 9.359264 seconds.
  path: Assets/Sunnyland/Scenes/demo.unity
  artifactKey: Guid(cbd2611183a8d41e8b5ae48b2b35bbf1) Importer(815301076,1909f56bfc062723c751e8b465ee728b)
Start importing Assets/Sunnyland/Scenes/demo.unity using Guid(cbd2611183a8d41e8b5ae48b2b35bbf1) Importer(815301076,1909f56bfc062723c751e8b465ee728b)  -> (artifact id: '4d0e86f71cb100ade5477aca6d7aa7c8') in 0.024505 seconds
  Import took 0.027549 seconds .

========================================================================
Received Import Request.
  Time since last request: 45.970603 seconds.
  path: Assets/honda/honda.unity
  artifactKey: Guid(23df0828577458f40ba54cf54e42333c) Importer(815301076,1909f56bfc062723c751e8b465ee728b)
Start importing Assets/honda/honda.unity using Guid(23df0828577458f40ba54cf54e42333c) Importer(815301076,1909f56bfc062723c751e8b465ee728b)  -> (artifact id: '455f49c9f4410e98283a074c7c18f992') in 0.006269 seconds
  Import took 0.010564 seconds .

========================================================================
Received Import Request.
  Time since last request: 0.000982 seconds.
  path: Assets/honda/honda.unity
  artifactKey: Guid(23df0828577458f40ba54cf54e42333c) Importer(815301076,1909f56bfc062723c751e8b465ee728b)
Start importing Assets/honda/honda.unity using Guid(23df0828577458f40ba54cf54e42333c) Importer(815301076,1909f56bfc062723c751e8b465ee728b)  -> (artifact id: '455f49c9f4410e98283a074c7c18f992') in 0.006590 seconds
  Import took 0.010490 seconds .

========================================================================
Received Prepare
Registering precompiled user dll's ...
Registered in 0.006139 seconds.
Begin MonoManager ReloadAssembly
Native extension for WindowsStandalone target not found
Refreshing native plugins compatible for Editor in 0.31 ms, found 2 plugins.
Preloading 0 native plugins for Editor in 0.00 ms.
Mono: successfully reloaded assembly
- Completed reload, in  1.279 seconds
Platform modules already initialized, skipping
Refreshing native plugins compatible for Editor in 0.47 ms, found 2 plugins.
Preloading 0 native plugins for Editor in 0.00 ms.
Unloading 1384 Unused Serialized files (Serialized files now loaded: 0)
System memory in use before: 67.5 MB.
System memory in use after: 67.5 MB.

Unloading 14 unused Assets to reduce memory usage. Loaded Objects now: 1834.
Total: 2.799800 ms (FindLiveObjects: 0.259700 ms CreateObjectMapping: 0.090900 ms MarkObjects: 2.361600 ms  DeleteObjects: 0.086200 ms)

AssetImportWorkerClient::OnTransportError - code=2 error=End of file
